{"total": {"lines":{"total":31,"covered":29,"skipped":0,"pct":93.54},"statements":{"total":35,"covered":31,"skipped":0,"pct":88.57},"functions":{"total":12,"covered":11,"skipped":0,"pct":91.66},"branches":{"total":2,"covered":1,"skipped":0,"pct":50},"branchesTrue":{"total":0,"covered":0,"skipped":0,"pct":100}}
,"C:\\Users\\Laptop\\Code\\profile-migration\\admin-next\\src\\proxy.ts": {"lines":{"total":2,"covered":0,"skipped":0,"pct":0},"functions":{"total":0,"covered":0,"skipped":0,"pct":100},"statements":{"total":2,"covered":0,"skipped":0,"pct":0},"branches":{"total":0,"covered":0,"skipped":0,"pct":100}}
,"C:\\Users\\Laptop\\Code\\profile-migration\\admin-next\\src\\app\\api\\admin\\status\\route.ts": {"lines":{"total":4,"covered":4,"skipped":0,"pct":100},"functions":{"total":2,"covered":2,"skipped":0,"pct":100},"statements":{"total":5,"covered":5,"skipped":0,"pct":100},"branches":{"total":0,"covered":0,"skipped":0,"pct":100}}
,"C:\\Users\\Laptop\\Code\\profile-migration\\admin-next\\src\\components\\mode-toggle.tsx": {"lines":{"total":0,"covered":0,"skipped":0,"pct":0},"functions":{"total":0,"covered":0,"skipped":0,"pct":0},"statements":{"total":0,"covered":0,"skipped":0,"pct":0},"branches":{"total":0,"covered":0,"skipped":0,"pct":0}}
,"C:\\Users\\Laptop\\Code\\profile-migration\\admin-next\\src\\core\\utils.ts": {"lines":{"total":2,"covered":2,"skipped":0,"pct":100},"functions":{"total":2,"covered":2,"skipped":0,"pct":100},"statements":{"total":2,"covered":2,"skipped":0,"pct":100},"branches":{"total":0,"covered":0,"skipped":0,"pct":100}}
,"C:\\Users\\Laptop\\Code\\profile-migration\\admin-next\\src\\core\\admin\\surfaces.ts": {"lines":{"total":1,"covered":1,"skipped":0,"pct":100},"functions":{"total":0,"covered":0,"skipped":0,"pct":100},"statements":{"total":1,"covered":1,"skipped":0,"pct":100},"branches":{"total":0,"covered":0,"skipped":0,"pct":100}}
,"C:\\Users\\Laptop\\Code\\profile-migration\\admin-next\\src\\lib\\data.ts": {"lines":{"total":2,"covered":2,"skipped":0,"pct":100},"functions":{"total":0,"covered":0,"skipped":0,"pct":100},"statements":{"total":2,"covered":2,"skipped":0,"pct":100},"branches":{"total":0,"covered":0,"skipped":0,"pct":100}}
,"C:\\Users\\Laptop\\Code\\profile-migration\\admin-next\\src\\lib\\utils.ts": {"lines":{"total":20,"covered":20,"skipped":0,"pct":100},"functions":{"total":8,"covered":7,"skipped":0,"pct":87.5},"statements":{"total":23,"covered":21,"skipped":0,"pct":91.3},"branches":{"total":2,"covered":1,"skipped":0,"pct":50}}
}
